2025-12-08T02:10:03.673Z - GET /?ide_webview_request_time=1765159803642
2025-12-08T02:10:03.817Z - GET /js/dashboard-functions.js
2025-12-08T02:10:04.033Z - GET /js/features.js
2025-12-08T02:10:04.069Z - GET /js/calendar.js
2025-12-08T02:10:04.072Z - GET /clock-in-functions.js?v=20251006
2025-12-08T02:10:04.074Z - GET /reset-points.js?v=20251006
2025-12-08T02:10:04.071Z - GET /js/other.js
2025-12-08T02:10:04.367Z - GET /@vite/client
2025-12-08T02:28:43.244Z - GET /?ide_webview_request_time=1765159803642
2025-12-08T02:28:43.354Z - GET /js/dashboard-functions.js
2025-12-08T02:28:43.578Z - GET /js/features.js
2025-12-08T02:28:43.607Z - GET /js/other.js
2025-12-08T02:28:43.625Z - GET /js/calendar.js
2025-12-08T02:28:43.831Z - GET /reset-points.js?v=20251006
2025-12-08T02:28:43.636Z - GET /clock-in-functions.js?v=20251006
2025-12-08T02:28:44.478Z - GET /@vite/client
2025-12-08T02:29:00.499Z - GET /?ide_webview_request_time=1765159803642
2025-12-08T02:29:00.533Z - GET /js/dashboard-functions.js
2025-12-08T02:29:00.669Z - GET /js/features.js
2025-12-08T02:29:00.682Z - GET /js/other.js
2025-12-08T02:29:00.688Z - GET /js/calendar.js
2025-12-08T02:29:00.699Z - GET /reset-points.js?v=20251006
2025-12-08T02:29:00.695Z - GET /clock-in-functions.js?v=20251006
2025-12-08T02:29:01.001Z - GET /@vite/client
2025-12-08T02:33:29.214Z - GET /?ide_webview_request_time=1765159803642
2025-12-08T02:33:29.239Z - GET /js/dashboard-functions.js
2025-12-08T02:33:29.379Z - GET /js/features.js
2025-12-08T02:33:29.387Z - GET /js/other.js
2025-12-08T02:33:29.393Z - GET /js/calendar.js
2025-12-08T02:33:29.396Z - GET /clock-in-functions.js?v=20251006
2025-12-08T02:33:29.398Z - GET /reset-points.js?v=20251006
2025-12-08T02:33:29.610Z - GET /@vite/client
2025-12-08T02:39:17.363Z - GET /?ide_webview_request_time=1765161557339
2025-12-08T02:39:17.479Z - GET /js/dashboard-functions.js
2025-12-08T02:39:17.550Z - GET /js/features.js
2025-12-08T02:39:17.637Z - GET /js/other.js
2025-12-08T02:39:17.648Z - GET /js/calendar.js
2025-12-08T02:39:17.663Z - GET /clock-in-functions.js?v=20251006
2025-12-08T02:39:17.678Z - GET /reset-points.js?v=20251006
2025-12-08T02:39:18.164Z - GET /@vite/client
2025-12-08T02:58:48.434Z - GET /?ide_webview_request_time=1765161557339
2025-12-08T02:58:48.495Z - GET /js/dashboard-functions.js
2025-12-08T02:58:49.204Z - GET /js/features.js
2025-12-08T02:58:49.217Z - GET /js/other.js
2025-12-08T02:58:49.235Z - GET /js/calendar.js
2025-12-08T02:58:49.237Z - GET /clock-in-functions.js?v=20251006
2025-12-08T02:58:49.238Z - GET /reset-points.js?v=20251006
2025-12-08T02:58:49.466Z - GET /@vite/client
2025-12-08T02:58:58.926Z - GET /?ide_webview_request_time=1765161557339
2025-12-08T02:58:58.956Z - GET /js/dashboard-functions.js
2025-12-08T02:58:59.120Z - GET /js/features.js
2025-12-08T02:58:59.127Z - GET /js/other.js
2025-12-08T02:58:59.132Z - GET /js/calendar.js
2025-12-08T02:58:59.138Z - GET /clock-in-functions.js?v=20251006
2025-12-08T02:58:59.144Z - GET /reset-points.js?v=20251006
2025-12-08T02:58:59.535Z - GET /@vite/client
2025-12-08T02:59:18.678Z - GET /?ide_webview_request_time=1765162758662
2025-12-08T02:59:18.814Z - GET /js/dashboard-functions.js
2025-12-08T02:59:18.888Z - GET /js/other.js
2025-12-08T02:59:18.889Z - GET /js/features.js
2025-12-08T02:59:18.948Z - GET /js/calendar.js
2025-12-08T02:59:18.949Z - GET /clock-in-functions.js?v=20251006
2025-12-08T02:59:18.962Z - GET /reset-points.js?v=20251006
2025-12-08T02:59:19.200Z - GET /@vite/client
2025-12-08T03:27:13.735Z - GET /?ide_webview_request_time=1765161557339
2025-12-08T03:27:14.126Z - GET /js/dashboard-functions.js
2025-12-08T03:27:14.177Z - GET /js/features.js
2025-12-08T03:27:14.231Z - GET /js/other.js
2025-12-08T03:27:14.247Z - GET /js/calendar.js
2025-12-08T03:27:14.263Z - GET /clock-in-functions.js?v=20251006
2025-12-08T03:27:14.275Z - GET /reset-points.js?v=20251006
2025-12-08T03:27:14.562Z - GET /@vite/client
2025-12-08T03:28:23.571Z - GET /?ide_webview_request_time=1765161557339
2025-12-08T03:28:23.595Z - GET /js/dashboard-functions.js
2025-12-08T03:28:23.786Z - GET /js/features.js
2025-12-08T03:28:23.854Z - GET /js/calendar.js
2025-12-08T03:28:23.868Z - GET /js/other.js
2025-12-08T03:28:23.878Z - GET /clock-in-functions.js?v=20251006
2025-12-08T03:28:23.882Z - GET /reset-points.js?v=20251006
2025-12-08T03:28:24.275Z - GET /@vite/client
2025-12-08T03:29:19.200Z - GET /?ide_webview_request_time=1765164559194
2025-12-08T03:29:19.219Z - GET /js/dashboard-functions.js
2025-12-08T03:29:19.220Z - GET /js/features.js
2025-12-08T03:29:19.230Z - GET /js/other.js
2025-12-08T03:29:19.231Z - GET /js/calendar.js
2025-12-08T03:29:19.280Z - GET /clock-in-functions.js?v=20251006
2025-12-08T03:29:19.410Z - GET /reset-points.js?v=20251006
2025-12-08T03:29:19.588Z - GET /@vite/client
2025-12-08T03:30:21.099Z - GET /?ide_webview_request_time=1765164559194
2025-12-08T03:30:21.120Z - GET /js/dashboard-functions.js
2025-12-08T03:30:21.307Z - GET /js/features.js
2025-12-08T03:30:21.321Z - GET /js/other.js
2025-12-08T03:30:21.323Z - GET /js/calendar.js
2025-12-08T03:30:21.328Z - GET /reset-points.js?v=20251006
2025-12-08T03:30:21.326Z - GET /clock-in-functions.js?v=20251006
2025-12-08T03:30:21.575Z - GET /@vite/client
2025-12-08T03:30:36.670Z - GET /?ide_webview_request_time=1765164559194
2025-12-08T03:30:36.700Z - GET /js/dashboard-functions.js
2025-12-08T03:30:36.821Z - GET /js/features.js
2025-12-08T03:30:36.830Z - GET /js/other.js
2025-12-08T03:30:36.834Z - GET /js/calendar.js
2025-12-08T03:30:36.836Z - GET /clock-in-functions.js?v=20251006
2025-12-08T03:30:36.839Z - GET /reset-points.js?v=20251006
2025-12-08T03:30:37.014Z - GET /@vite/client
2025-12-08T03:31:05.754Z - GET /?ide_webview_request_time=1765164559194
2025-12-08T03:31:05.873Z - GET /js/dashboard-functions.js
2025-12-08T03:31:05.928Z - GET /js/features.js
2025-12-08T03:31:05.930Z - GET /js/other.js
2025-12-08T03:31:05.986Z - GET /js/calendar.js
2025-12-08T03:31:05.988Z - GET /clock-in-functions.js?v=20251006
2025-12-08T03:31:06.001Z - GET /reset-points.js?v=20251006
2025-12-08T03:31:06.279Z - GET /@vite/client
2025-12-08T03:39:31.346Z - GET /?ide_webview_request_time=1765164559194
2025-12-08T03:39:31.385Z - GET /js/dashboard-functions.js
2025-12-08T03:39:31.744Z - GET /js/features.js
2025-12-08T03:39:31.864Z - GET /js/other.js
2025-12-08T03:39:31.870Z - GET /js/calendar.js
2025-12-08T03:39:31.895Z - GET /clock-in-functions.js?v=20251006
2025-12-08T03:39:31.900Z - GET /reset-points.js?v=20251006
2025-12-08T03:39:32.487Z - GET /@vite/client
2025-12-08T03:42:50.090Z - GET /?ide_webview_request_time=1765164559194
2025-12-08T03:42:50.120Z - GET /js/dashboard-functions.js
2025-12-08T03:42:50.413Z - GET /js/features.js
2025-12-08T03:42:50.419Z - GET /js/other.js
2025-12-08T03:42:50.426Z - GET /js/calendar.js
2025-12-08T03:42:50.431Z - GET /clock-in-functions.js?v=20251006
2025-12-08T03:42:50.513Z - GET /reset-points.js?v=20251006
2025-12-08T03:42:50.917Z - GET /@vite/client
